<?xml version="1.0" encoding="utf-8"?><testsuites name="pytest tests"><testsuite name="pytest" errors="0" failures="0" skipped="0" tests="6" time="2.057" timestamp="2026-02-25T15:17:17.519720+00:00" hostname="agent-env-c54fcbf8-71b8-498d-8129-c70a9738aafa"><testcase classname="backend.tests.test_new_features.TestDeleteRegistrantEndpoint" name="test_delete_registrant_success" time="0.775" /><testcase classname="backend.tests.test_new_features.TestDeleteRegistrantEndpoint" name="test_delete_nonexistent_registrant_returns_404" time="0.199" /><testcase classname="backend.tests.test_new_features.TestTripayCallbackEmailTrigger" name="test_tripay_callback_paid_status_triggers_email" time="0.543" /><testcase classname="backend.tests.test_new_features.TestTripayCallbackEmailTrigger" name="test_tripay_callback_invalid_signature_rejected" time="0.263" /><testcase classname="backend.tests.test_new_features.TestAPIHealth" name="test_health_endpoint" time="0.102" /><testcase classname="backend.tests.test_new_features.TestAPIHealth" name="test_admin_webinar_dashboard" time="0.113" /></testsuite></testsuites>