<?xml version="1.0" encoding="utf-8"?><testsuites name="pytest tests"><testsuite name="pytest" errors="0" failures="0" skipped="0" tests="10" time="4.616" timestamp="2026-04-04T09:35:15.080047+00:00" hostname="agent-env-fd37b1bf-f414-4b9d-8d3e-d7af9b0d1a89"><testcase classname="backend.tests.test_new_payment_features.TestPaymentStatusToggle" name="test_toggle_payment_status_unpaid_to_paid" time="0.460" /><testcase classname="backend.tests.test_new_payment_features.TestPaymentStatusToggle" name="test_toggle_payment_status_paid_to_unpaid" time="0.329" /><testcase classname="backend.tests.test_new_payment_features.TestPaymentStatusToggle" name="test_toggle_nonexistent_spend_returns_404" time="0.133" /><testcase classname="backend.tests.test_new_payment_features.TestPdfWithMonthRangeFilter" name="test_user_pdf_with_all_periods" time="0.708" /><testcase classname="backend.tests.test_new_payment_features.TestPdfWithMonthRangeFilter" name="test_user_pdf_with_month_range_filter" time="0.889" /><testcase classname="backend.tests.test_new_payment_features.TestPdfWithMonthRangeFilter" name="test_referral_pdf_with_all_periods" time="0.394" /><testcase classname="backend.tests.test_new_payment_features.TestPdfWithMonthRangeFilter" name="test_referral_pdf_with_month_range_filter" time="0.502" /><testcase classname="backend.tests.test_new_payment_features.TestSummaryWithPaidUnpaid" name="test_summary_includes_paid_unpaid_per_user" time="0.401" /><testcase classname="backend.tests.test_new_payment_features.TestSummaryWithPaidUnpaid" name="test_summary_includes_paid_unpaid_per_referral" time="0.386" /><testcase classname="backend.tests.test_new_payment_features.TestMonthlySpendPaymentStatus" name="test_monthly_endpoint_includes_payment_status" time="0.339" /></testsuite></testsuites>