<?xml version="1.0" encoding="utf-8"?><testsuites name="pytest tests"><testsuite name="pytest" errors="0" failures="0" skipped="0" tests="13" time="1.998" timestamp="2026-02-15T07:38:00.665666+00:00" hostname="agent-env-b18276b3-980b-467d-a73a-eb34646e2f3a"><testcase classname="backend.tests.test_api.TestHealthCheck" name="test_health_endpoint" time="0.129" /><testcase classname="backend.tests.test_api.TestAdminLogin" name="test_login_success" time="0.114" /><testcase classname="backend.tests.test_api.TestAdminLogin" name="test_login_wrong_password" time="0.112" /><testcase classname="backend.tests.test_api.TestAdminLogin" name="test_login_empty_password" time="0.307" /><testcase classname="backend.tests.test_api.TestContactsAPI" name="test_get_contacts" time="0.149" /><testcase classname="backend.tests.test_api.TestContactsAPI" name="test_create_contact" time="0.239" /><testcase classname="backend.tests.test_api.TestContactsAPI" name="test_create_contact_validation_empty_name" time="0.109" /><testcase classname="backend.tests.test_api.TestContactsAPI" name="test_create_contact_validation_invalid_email" time="0.105" /><testcase classname="backend.tests.test_api.TestAffiliateLeadsAPI" name="test_get_affiliate_leads" time="0.101" /><testcase classname="backend.tests.test_api.TestAffiliateLeadsAPI" name="test_create_affiliate_lead" time="0.259" /><testcase classname="backend.tests.test_api.TestAffiliateLeadsAPI" name="test_create_affiliate_lead_validation" time="0.100" /><testcase classname="backend.tests.test_api.TestDataCounts" name="test_contacts_count" time="0.111" /><testcase classname="backend.tests.test_api.TestDataCounts" name="test_affiliate_leads_count" time="0.107" /></testsuite></testsuites>