<?xml version="1.0" encoding="utf-8"?><testsuites name="pytest tests"><testsuite name="pytest" errors="0" failures="0" skipped="0" tests="13" time="2.473" timestamp="2026-02-14T16:42:56.794407+00:00" hostname="agent-env-b18276b3-980b-467d-a73a-eb34646e2f3a"><testcase classname="tests.test_api.TestHealthCheck" name="test_health_endpoint" time="0.169" /><testcase classname="tests.test_api.TestAdminLogin" name="test_login_success" time="0.127" /><testcase classname="tests.test_api.TestAdminLogin" name="test_login_wrong_password" time="0.185" /><testcase classname="tests.test_api.TestAdminLogin" name="test_login_empty_password" time="0.135" /><testcase classname="tests.test_api.TestContactsAPI" name="test_get_contacts" time="0.144" /><testcase classname="tests.test_api.TestContactsAPI" name="test_create_contact" time="0.273" /><testcase classname="tests.test_api.TestContactsAPI" name="test_create_contact_validation_empty_name" time="0.151" /><testcase classname="tests.test_api.TestContactsAPI" name="test_create_contact_validation_invalid_email" time="0.173" /><testcase classname="tests.test_api.TestAffiliateLeadsAPI" name="test_get_affiliate_leads" time="0.169" /><testcase classname="tests.test_api.TestAffiliateLeadsAPI" name="test_create_affiliate_lead" time="0.251" /><testcase classname="tests.test_api.TestAffiliateLeadsAPI" name="test_create_affiliate_lead_validation" time="0.276" /><testcase classname="tests.test_api.TestDataCounts" name="test_contacts_count" time="0.148" /><testcase classname="tests.test_api.TestDataCounts" name="test_affiliate_leads_count" time="0.110" /></testsuite></testsuites>