<?xml version="1.0" encoding="utf-8"?><testsuites name="pytest tests"><testsuite name="pytest" errors="0" failures="0" skipped="0" tests="10" time="4.443" timestamp="2026-03-11T15:41:06.520908+00:00" hostname="agent-env-fd37b1bf-f414-4b9d-8d3e-d7af9b0d1a89"><testcase classname="backend.tests.test_spending_page.TestMonthlySpendsMerged" name="test_get_monthly_spends_returns_all_users" time="0.749" /><testcase classname="backend.tests.test_spending_page.TestMonthlySpendsMerged" name="test_monthly_spends_with_different_months" time="0.259" /><testcase classname="backend.tests.test_spending_page.TestMonthlySpendsMerged" name="test_create_spend_and_verify_in_monthly" time="0.307" /><testcase classname="backend.tests.test_spending_page.TestBankInfoFields" name="test_create_user_with_bank_info" time="0.249" /><testcase classname="backend.tests.test_spending_page.TestBankInfoFields" name="test_update_user_bank_info" time="0.342" /><testcase classname="backend.tests.test_spending_page.TestBankInfoFields" name="test_bank_info_in_monthly_endpoint" time="0.132" /><testcase classname="backend.tests.test_spending_page.TestInlineSpendUpdate" name="test_inline_create_spend" time="0.299" /><testcase classname="backend.tests.test_spending_page.TestInlineSpendUpdate" name="test_inline_update_spend" time="0.335" /><testcase classname="backend.tests.test_spending_page.TestProofUploadForSpending" name="test_upload_proof_and_verify_url" time="0.573" /><testcase classname="backend.tests.test_spending_page.TestCleanup" name="test_cleanup_test_users" time="0.815" /></testsuite></testsuites>