<?xml version="1.0" encoding="utf-8"?><testsuites name="pytest tests"><testsuite name="pytest" errors="0" failures="0" skipped="0" tests="15" time="5.106" timestamp="2026-02-25T14:58:25.873355+00:00" hostname="agent-env-c54fcbf8-71b8-498d-8129-c70a9738aafa"><testcase classname="backend.tests.test_webinar_full.TestPublicWebinarAPIs" name="test_event_endpoint_returns_correct_structure" time="0.262" /><testcase classname="backend.tests.test_webinar_full.TestPublicWebinarAPIs" name="test_event_endpoint_404_nonexistent" time="0.132" /><testcase classname="backend.tests.test_webinar_full.TestPublicWebinarAPIs" name="test_register_creates_registrant_returns_invoice" time="0.293" /><testcase classname="backend.tests.test_webinar_full.TestPublicWebinarAPIs" name="test_get_registrant_by_invoice" time="0.292" /><testcase classname="backend.tests.test_webinar_full.TestPublicWebinarAPIs" name="test_get_registrant_404_nonexistent" time="0.185" /><testcase classname="backend.tests.test_webinar_full.TestPublicWebinarAPIs" name="test_payment_channels_endpoint" time="0.823" /><testcase classname="backend.tests.test_webinar_full.TestPublicWebinarAPIs" name="test_create_payment_endpoint_accepts_json" time="1.176" /><testcase classname="backend.tests.test_webinar_full.TestAdminWebinarAPIs" name="test_admin_login_success" time="0.109" /><testcase classname="backend.tests.test_webinar_full.TestAdminWebinarAPIs" name="test_admin_login_wrong_password" time="0.164" /><testcase classname="backend.tests.test_webinar_full.TestAdminWebinarAPIs" name="test_admin_dashboard_returns_stats" time="0.264" /><testcase classname="backend.tests.test_webinar_full.TestAdminWebinarAPIs" name="test_admin_registrants_list" time="0.253" /><testcase classname="backend.tests.test_webinar_full.TestAdminWebinarAPIs" name="test_admin_update_registrant_status" time="0.489" /><testcase classname="backend.tests.test_webinar_full.TestAdminWebinarAPIs" name="test_admin_update_invalid_status" time="0.340" /><testcase classname="backend.tests.test_webinar_full.TestAdminWebinarAPIs" name="test_admin_callback_logs" time="0.104" /><testcase classname="backend.tests.test_webinar_full.TestTripayCallback" name="test_callback_endpoint_exists_and_handles_invalid_signature" time="0.138" /></testsuite></testsuites>