<?xml version="1.0" encoding="utf-8"?><testsuites name="pytest tests"><testsuite name="pytest" errors="0" failures="0" skipped="0" tests="11" time="2.066" timestamp="2026-02-25T08:01:07.735379+00:00" hostname="agent-env-b18276b3-980b-467d-a73a-eb34646e2f3a"><testcase classname="backend.tests.test_webinar_api.TestWebinarEventAPI" name="test_get_event_by_slug_success" time="0.196" /><testcase classname="backend.tests.test_webinar_api.TestWebinarEventAPI" name="test_get_event_nonexistent_slug" time="0.136" /><testcase classname="backend.tests.test_webinar_api.TestWebinarRegistration" name="test_register_individu_ticket" time="0.261" /><testcase classname="backend.tests.test_webinar_api.TestWebinarRegistration" name="test_register_duo_ticket" time="0.220" /><testcase classname="backend.tests.test_webinar_api.TestWebinarRegistration" name="test_register_lembaga_ticket" time="0.231" /><testcase classname="backend.tests.test_webinar_api.TestWebinarRegistration" name="test_register_invalid_event" time="0.108" /><testcase classname="backend.tests.test_webinar_api.TestWebinarPaymentChannels" name="test_payment_channels_returns_empty" time="0.103" /><testcase classname="backend.tests.test_webinar_api.TestWebinarRegistrantLookup" name="test_lookup_registrant_after_registration" time="0.359" /><testcase classname="backend.tests.test_webinar_api.TestWebinarRegistrantLookup" name="test_lookup_nonexistent_invoice" time="0.100" /><testcase classname="backend.tests.test_webinar_api.TestLegalPagesAccess" name="test_ketentuan_layanan_page" time="0.133" /><testcase classname="backend.tests.test_webinar_api.TestLegalPagesAccess" name="test_kebijakan_privasi_page" time="0.151" /></testsuite></testsuites>