<?xml version="1.0" encoding="utf-8"?><testsuites name="pytest tests"><testsuite name="pytest" errors="0" failures="0" skipped="0" tests="20" time="5.970" timestamp="2026-03-11T15:14:01.054600+00:00" hostname="agent-env-fd37b1bf-f414-4b9d-8d3e-d7af9b0d1a89"><testcase classname="backend.tests.test_whitelist_cashback.TestWhitelistUserCRUD" name="test_create_whitelist_user" time="0.477" /><testcase classname="backend.tests.test_whitelist_cashback.TestWhitelistUserCRUD" name="test_get_all_whitelist_users" time="0.107" /><testcase classname="backend.tests.test_whitelist_cashback.TestWhitelistUserCRUD" name="test_get_whitelist_summary" time="0.149" /><testcase classname="backend.tests.test_whitelist_cashback.TestWhitelistUserCRUD" name="test_update_whitelist_user" time="0.145" /><testcase classname="backend.tests.test_whitelist_cashback.TestWhitelistUserCRUD" name="test_update_nonexistent_user_returns_404" time="0.112" /><testcase classname="backend.tests.test_whitelist_cashback.TestMonthlySpendCRUD" name="test_create_monthly_spend" time="0.266" /><testcase classname="backend.tests.test_whitelist_cashback.TestMonthlySpendCRUD" name="test_get_user_spends" time="0.122" /><testcase classname="backend.tests.test_whitelist_cashback.TestMonthlySpendCRUD" name="test_duplicate_month_year_rejected" time="0.286" /><testcase classname="backend.tests.test_whitelist_cashback.TestMonthlySpendCRUD" name="test_update_monthly_spend" time="0.126" /><testcase classname="backend.tests.test_whitelist_cashback.TestProofUpload" name="test_upload_proof_of_payment" time="0.408" /><testcase classname="backend.tests.test_whitelist_cashback.TestProofUpload" name="test_upload_to_nonexistent_spend_returns_404" time="0.107" /><testcase classname="backend.tests.test_whitelist_cashback.TestPDFGeneration" name="test_generate_user_pdf" time="1.128" /><testcase classname="backend.tests.test_whitelist_cashback.TestPDFGeneration" name="test_generate_pdf_nonexistent_user_returns_404" time="0.140" /><testcase classname="backend.tests.test_whitelist_cashback.TestPDFGeneration" name="test_generate_referral_pdf" time="0.118" /><testcase classname="backend.tests.test_whitelist_cashback.TestPDFGeneration" name="test_referral_pdf_nonexistent_returns_404" time="0.116" /><testcase classname="backend.tests.test_whitelist_cashback.TestDeleteOperations" name="test_delete_monthly_spend" time="0.610" /><testcase classname="backend.tests.test_whitelist_cashback.TestDeleteOperations" name="test_delete_nonexistent_spend_returns_404" time="0.116" /><testcase classname="backend.tests.test_whitelist_cashback.TestDeleteOperations" name="test_delete_whitelist_user" time="0.663" /><testcase classname="backend.tests.test_whitelist_cashback.TestDeleteOperations" name="test_delete_nonexistent_user_returns_404" time="0.109" /><testcase classname="backend.tests.test_whitelist_cashback.TestCleanup" name="test_cleanup_test_users" time="0.576" /></testsuite></testsuites>